2026-01-17 19:06:01,048 [INFO] pyIRCX: Loaded config from pyircx_config.json
2026-01-17 19:06:01,054 [INFO] pyIRCX: Loaded config from config_trunk.json
2026-01-17 19:06:01,054 [INFO] pyIRCX: ======================================================================
2026-01-17 19:06:01,054 [INFO] pyIRCX: pyIRCX Server starting (PID: 312297)
2026-01-17 19:06:01,054 [INFO] pyIRCX: Mode: standalone
2026-01-17 19:06:01,054 [INFO] pyIRCX: ======================================================================
2026-01-17 19:06:01,055 [INFO] pyIRCX: ======================================================================
2026-01-17 19:06:01,055 [INFO] pyIRCX:  trunk.testnet.local Enhanced
2026-01-17 19:06:01,055 [INFO] pyIRCX:  TestNet
2026-01-17 19:06:01,055 [INFO] pyIRCX: ======================================================================
2026-01-17 19:06:01,055 [WARNING] pyIRCX: Config file /etc/pyircx/pyircx_config.json is group-readable. Consider chmod 600 for maximum security.
2026-01-17 19:06:01,058 [INFO] pyIRCX: Database initialized (trunk)
2026-01-17 19:06:01,059 [INFO] pyIRCX: #System channel created
2026-01-17 19:06:01,059 [INFO] pyIRCX: God virtual user created
2026-01-17 19:06:01,059 [INFO] pyIRCX: Registrar service created
2026-01-17 19:06:01,059 [INFO] pyIRCX: Messenger service created
2026-01-17 19:06:01,059 [INFO] pyIRCX: NewsFlash service created
2026-01-17 19:06:01,062 [INFO] pyIRCX: 10 ServiceBots created
2026-01-17 19:06:01,062 [INFO] pyIRCX: ServiceBot dispatcher created
2026-01-17 19:06:01,062 [INFO] pyIRCX: Services initialized in centralized mode (services hub)
2026-01-17 19:06:01,066 [INFO] pyIRCX: Database pool initialized with 10 connections
2026-01-17 19:06:01,067 [INFO] pyIRCX: Database connection pool initialized
2026-01-17 19:06:01,067 [INFO] pyIRCX: CAP timeout monitor started (60s timeout)
2026-01-17 19:06:01,067 [INFO] linking: Server linking listening on 127.0.0.1:7001
2026-01-17 19:06:01,067 [INFO] linking: Link monitoring task started
2026-01-17 19:06:01,067 [INFO] pyIRCX: Server linking enabled
2026-01-17 19:06:01,067 [INFO] linking: Link health monitoring started
2026-01-17 19:06:01,068 [INFO] pyIRCX: Listening on 127.0.0.1:6667 (IPv4)
2026-01-17 19:06:08,453 [INFO] linking: broadcast_to_servers called with message: :John MODE John :+ar...
2026-01-17 19:06:08,453 [INFO] linking: Available servers: [], exclude=None
2026-01-17 19:06:08,453 [INFO] pyIRCX: Auth: John as ADMIN
2026-01-17 19:06:08,453 [INFO] pyIRCX: Broadcasting NICK burst for John to linked servers: NICK John 1 1768694768 admin trunk.testnet.local trunk.testnet.local +ar :John D. Lewis
2026-01-17 19:06:08,453 [INFO] linking: broadcast_to_servers called with message: NICK John 1 1768694768 admin trunk.testnet.local trunk.testnet.local +ar :John D...
2026-01-17 19:06:08,454 [INFO] linking: Available servers: [], exclude=None
2026-01-17 19:06:08,454 [INFO] pyIRCX: NICK burst sent for John
